This is pdfTeX, Version 3.1415926-2.3-1.40.12 (MiKTeX 2.9) (preloaded format=pdflatex 2012.6.11)  23 JAN 2013 19:08
entering extended mode
**C:/P4-SV-ASADASIVARAO/depot/Projects/NOON/Documents/Arch/Investigations/SDN/H
otSDN13/ots[HotSDN].tex

(C:/P4-SV-ASADASIVARAO/depot/Projects/NOON/Documents/Arch/Investigations/SDN/Ho
tSDN13/ots[HotSDN].tex
LaTeX2e <2011/06/27>
Babel <v3.8m> and hyphenation patterns for english, afrikaans, ancientgreek, ar
abic, armenian, assamese, basque, bengali, bokmal, bulgarian, catalan, coptic, 
croatian, czech, danish, dutch, esperanto, estonian, farsi, finnish, french, ga
lician, german, german-x-2009-06-19, greek, gujarati, hindi, hungarian, iceland
ic, indonesian, interlingua, irish, italian, kannada, kurmanji, latin, latvian,
 lithuanian, malayalam, marathi, mongolian, mongolianlmc, monogreek, ngerman, n
german-x-2009-06-19, nynorsk, oriya, panjabi, pinyin, polish, portuguese, roman
ian, russian, sanskrit, serbian, slovak, slovenian, spanish, swedish, swissgerm
an, tamil, telugu, turkish, turkmen, ukenglish, ukrainian, uppersorbian, usengl
ishmax, welsh, loaded.

(C:\P4-SV-ASADASIVARAO\depot\Projects\NOON\Documents\Arch\Investigations\SDN\Ho
tSDN13\sig-alternate-10pt.cls (C:\MiKTeX\tex\latex\graphics\epsfig.sty
Package: epsfig 1999/02/16 v1.7a (e)psfig emulation (SPQR)

(C:\MiKTeX\tex\latex\graphics\graphicx.sty
Package: graphicx 1999/02/16 v1.0f Enhanced LaTeX Graphics (DPC,SPQR)

(C:\MiKTeX\tex\latex\graphics\keyval.sty
Package: keyval 1999/03/16 v1.13 key=value parser (DPC)
\KV@toks@=\toks14
)
(C:\MiKTeX\tex\latex\graphics\graphics.sty
Package: graphics 2009/02/05 v1.0o Standard LaTeX Graphics (DPC,SPQR)

(C:\MiKTeX\tex\latex\graphics\trig.sty
Package: trig 1999/03/16 v1.09 sin cos tan (DPC)
)
(C:\MiKTeX\tex\latex\00miktex\graphics.cfg
File: graphics.cfg 2007/01/18 v1.5 graphics configuration of teTeX/TeXLive
)
Package graphics Info: Driver file: pdftex.def on input line 91.

(C:\MiKTeX\tex\latex\pdftex-def\pdftex.def
File: pdftex.def 2011/05/27 v0.06d Graphics/color for pdfTeX

(C:\MiKTeX\tex\generic\oberdiek\infwarerr.sty
Package: infwarerr 2010/04/08 v1.3 Providing info/warning/error messages (HO)
)
(C:\MiKTeX\tex\generic\oberdiek\ltxcmds.sty
Package: ltxcmds 2011/11/09 v1.22 LaTeX kernel commands for general use (HO)
)
\Gread@gobject=\count79
))
\Gin@req@height=\dimen102
\Gin@req@width=\dimen103
)
\epsfxsize=\dimen104
\epsfysize=\dimen105
)
(C:\MiKTeX\tex\latex\amsfonts\amssymb.sty
Package: amssymb 2009/06/22 v3.00

(C:\MiKTeX\tex\latex\amsfonts\amsfonts.sty
Package: amsfonts 2009/06/22 v3.00 Basic AMSFonts support
\@emptytoks=\toks15
\symAMSa=\mathgroup4
\symAMSb=\mathgroup5
LaTeX Font Info:    Overwriting math alphabet `\mathfrak' in version `bold'
(Font)                  U/euf/m/n --> U/euf/b/n on input line 96.
))
(C:\MiKTeX\tex\latex\ams\math\amsmath.sty
Package: amsmath 2000/07/18 v2.13 AMS math features
\@mathmargin=\skip41

For additional information on amsmath, use the `?' option.
(C:\MiKTeX\tex\latex\ams\math\amstext.sty
Package: amstext 2000/06/29 v2.01

(C:\MiKTeX\tex\latex\ams\math\amsgen.sty
File: amsgen.sty 1999/11/30 v2.0
\@emptytoks=\toks16
\ex@=\dimen106
))
(C:\MiKTeX\tex\latex\ams\math\amsbsy.sty
Package: amsbsy 1999/11/29 v1.2d
\pmbraise@=\dimen107
)
(C:\MiKTeX\tex\latex\ams\math\amsopn.sty
Package: amsopn 1999/12/14 v2.01 operator names
)
\inf@bad=\count80
LaTeX Info: Redefining \frac on input line 211.
\uproot@=\count81
\leftroot@=\count82
LaTeX Info: Redefining \overline on input line 307.
\classnum@=\count83
\DOTSCASE@=\count84
LaTeX Info: Redefining \ldots on input line 379.
LaTeX Info: Redefining \dots on input line 382.
LaTeX Info: Redefining \cdots on input line 467.
\Mathstrutbox@=\box26
\strutbox@=\box27
\big@size=\dimen108
LaTeX Font Info:    Redeclaring font encoding OML on input line 567.
LaTeX Font Info:    Redeclaring font encoding OMS on input line 568.
\macc@depth=\count85
\c@MaxMatrixCols=\count86
\dotsspace@=\muskip10
\c@parentequation=\count87
\dspbrk@lvl=\count88
\tag@help=\toks17
\row@=\count89
\column@=\count90
\maxfields@=\count91
\andhelp@=\toks18
\eqnshift@=\dimen109
\alignsep@=\dimen110
\tagshift@=\dimen111
\tagwidth@=\dimen112
\totwidth@=\dimen113
\lineht@=\dimen114
\@envbody=\toks19
\multlinegap=\skip42
\multlinetaggap=\skip43
\mathdisplay@stack=\toks20
LaTeX Info: Redefining \[ on input line 2666.
LaTeX Info: Redefining \] on input line 2667.
)
Document Class 'sig-alternate' <22nd. April '09>. Modified by G.K.M. Tobin/Gerr
y Murray
Based in part upon document Style `acmconf' <22 May 89>. Hacked 4/91 by
shivers@cs.cmu.edu, 4/93 by theobald@cs.mcgill.ca
Excerpts were taken from (Journal Style) 'esub2acm.cls'.
****** Bugs/comments/suggestions/technicalities to Gerry Murray -- murray@hq.ac
m.org ******
Questions on the style, SIGS policies, etc. to Adrienne Griscti griscti@acm.org

\footheight=\dimen115
\@maxsep=\dimen116
\@dblmaxsep=\dimen117
\aucount=\count92
\originalaucount=\count93
\auwidth=\dimen118
\auskip=\dimen119
\auskipcount=\count94
\auskip=\dimen120
\allauboxes=\dimen121
\addauthors=\toks21
\addauflag=\count95
\subtitletext=\toks22
\savesection=\count96
\sectioncntr=\count97
\c@figure=\count98
\c@table=\count99
\titleboxnotes=\toks23
\titleboxnoteflag=\count100

LaTeX Warning: You have requested document class `sig-alternate-10pt',
               but the document class provides `sig-alternate'.

Document Class: sig-alternate 2009/04/22 - V2.4 - based on acmproc.cls V1.3 <No
v. 30 '99>
(C:\MiKTeX\tex\latex\base\latexsym.sty
Package: latexsym 1998/08/17 v2.2e Standard LaTeX package (lasy symbols)
\symlasy=\mathgroup6
LaTeX Font Info:    Overwriting symbol font `lasy' in version `bold'
(Font)                  U/lasy/m/n --> U/lasy/b/n on input line 47.
)
\@acmtitlebox=\box28
\titlenotecount=\count101
\tntoks=\toks24
\tntokstwo=\toks25
\tntoksthree=\toks26
\tntoksfour=\toks27
\tntoksfive=\toks28
\catcount=\count102
\conf=\toks29
\confinfo=\toks30
\c@part=\count103
\c@section=\count104
\c@subsection=\count105
\c@subsubsection=\count106
\c@paragraph=\count107

Using 'Abbrev' bibliography style
LaTeX Info: Redefining \cite on input line 1223.
\bibindent=\dimen122
\colcntr=\count108
\saveb@x=\box29
\copyrtyr=\toks31
\acmcopyr=\toks32
\boilerplate=\toks33
\copyrightetc=\toks34
(C:\MiKTeX\tex\latex\base\fontenc.sty
Package: fontenc 2005/09/27 v1.99g Standard LaTeX package
 (C:\MiKTeX\tex\latex\base\t1enc.def
File: t1enc.def 2005/09/27 v1.99g Standard LaTeX file
LaTeX Font Info:    Redeclaring font encoding T1 on input line 43.
)
LaTeX Font Info:    Try loading font information for T1+aer on input line 100.

(C:\MiKTeX\tex\latex\ae\t1aer.fd
File: t1aer.fd 1997/11/16 Font definitions for T1/aer.
)))
(C:\P4-SV-ASADASIVARAO\depot\Projects\NOON\Documents\Arch\Investigations\SDN\Ho
tSDN13\ots[HotSDN].aux)
LaTeX Font Info:    Checking defaults for OML/cmm/m/it on input line 9.
LaTeX Font Info:    ... okay on input line 9.
LaTeX Font Info:    Checking defaults for T1/cmr/m/n on input line 9.
LaTeX Font Info:    ... okay on input line 9.
LaTeX Font Info:    Checking defaults for OT1/cmr/m/n on input line 9.
LaTeX Font Info:    ... okay on input line 9.
LaTeX Font Info:    Checking defaults for OMS/cmsy/m/n on input line 9.
LaTeX Font Info:    ... okay on input line 9.
LaTeX Font Info:    Checking defaults for OMX/cmex/m/n on input line 9.
LaTeX Font Info:    ... okay on input line 9.
LaTeX Font Info:    Checking defaults for U/cmr/m/n on input line 9.
LaTeX Font Info:    ... okay on input line 9.
 (C:\MiKTeX\tex\context\base\supp-pdf.mkii
[Loading MPS to PDF converter (version 2006.09.02).]
\scratchcounter=\count109
\scratchdimen=\dimen123
\scratchbox=\box30
\nofMPsegments=\count110
\nofMParguments=\count111
\everyMPshowfont=\toks35
\MPscratchCnt=\count112
\MPscratchDim=\dimen124
\MPnumerator=\count113
\makeMPintoPDFobject=\count114
\everyMPtoPDFconversion=\toks36
)
LaTeX Font Info:    Try loading font information for U+msa on input line 78.
 (C:\MiKTeX\tex\latex\amsfonts\umsa.fd
File: umsa.fd 2009/06/22 v3.00 AMS symbols A
)
LaTeX Font Info:    Try loading font information for U+msb on input line 78.
 (C:\MiKTeX\tex\latex\amsfonts\umsb.fd
File: umsb.fd 2009/06/22 v3.00 AMS symbols B
)
LaTeX Font Info:    Try loading font information for U+lasy on input line 78.
(C:\MiKTeX\tex\latex\base\ulasy.fd
File: ulasy.fd 1998/08/17 v2.2e LaTeX symbol font definitions
)
LaTeX Font Info:    Try loading font information for OMS+aer on input line 78.
 (C:\MiKTeX\tex\latex\ae\omsaer.fd
File: omsaer.fd 1999/12/27
)
LaTeX Font Info:    Font shape `OMS/aer/m/n' in size <10> not available
(Font)              Font shape `OMS/cmsy/m/n' tried instead on input line 78.


! LaTeX Error: There's no line here to end.

See the LaTeX manual or LaTeX Companion for explanation.
Type  H <return>  for immediate help.
 ...                                              
                                                  
l.78 \maketitle
               
? 

! LaTeX Error: There's no line here to end.

See the LaTeX manual or LaTeX Companion for explanation.
Type  H <return>  for immediate help.
 ...                                              
                                                  
l.78 \maketitle
               
? 

Overfull \hbox (1.62727pt too wide) in paragraph at lines 81--86
\ninept SDN brings to packet-optical back-bone net-works will be sub-
 []


Overfull \hbox (8.12733pt too wide) in paragraph at lines 89--92
\T1/aer/m/it/10 works\T1/aer/m/n/10 ; C.2.3 [\T1/aer/bx/n/10 Computer-Communica
tion Net-works\T1/aer/m/n/10 ]:
 []


Underfull \hbox (badness 10000) in paragraph at lines 98--107

 []


Overfull \hbox (5.41829pt too wide) in paragraph at lines 108--118
\T1/aer/m/n/10 works, clos-ing the end-to-end path. Given the dis-tributed
 []


Underfull \hbox (badness 10000) in paragraph at lines 108--118

 []


Underfull \vbox (badness 10000) has occurred while \output is active []

 [1{C:/Users/asadasivarao/AppData/Local/MiKTeX/2.9/pdftex/config/pdftex.map}


]
Overfull \hbox (6.7767pt too wide) in paragraph at lines 131--139
\T1/aer/m/n/10 us con-sider the com-mon sce-nario found in ser-vice provider
 []


Underfull \hbox (badness 10000) in paragraph at lines 131--139

 []

<MultiDomainLayer.png, id=14, 411.03563pt x 371.88937pt>
File: MultiDomainLayer.png Graphic file (type png)

<use MultiDomainLayer.png>
Package pdftex.def Info: MultiDomainLayer.png used on input line 142.
(pdftex.def)             Requested size: 205.5173pt x 185.94423pt.

Underfull \hbox (badness 10000) in paragraph at lines 147--154

 []

<MLwoOF.png, id=15, 473.51906pt x 188.95593pt>
File: MLwoOF.png Graphic file (type png)
 <use MLwoOF.png>
Package pdftex.def Info: MLwoOF.png used on input line 157.
(pdftex.def)             Requested size: 236.75894pt x 94.47772pt.

Overfull \hbox (4.92874pt too wide) in paragraph at lines 162--171
\T1/aer/m/n/10 en-abled light weight, vir-tual switch that man-ages a trans-
 []

<MLwOF.png, id=17, 472.76625pt x 158.09062pt>
File: MLwOF.png Graphic file (type png)
 <use MLwOF.png>
Package pdftex.def Info: MLwOF.png used on input line 174.
(pdftex.def)             Requested size: 236.38254pt x 79.0451pt.
LaTeX Font Info:    Try loading font information for T1+aett on input line 184.


(C:\MiKTeX\tex\latex\ae\t1aett.fd
File: t1aett.fd 1997/11/16 Font definitions for T1/aett.
)
Underfull \hbox (badness 10000) in paragraph at lines 179--187

 []


Underfull \hbox (badness 10000) in paragraph at lines 188--199

 []

[2 <C:/P4-SV-ASADASIVARAO/depot/Projects/NOON/Documents/Arch/Investigations/SDN
/HotSDN13/MultiDomainLayer.png> <C:/P4-SV-ASADASIVARAO/depot/Projects/NOON/Docu
ments/Arch/Investigations/SDN/HotSDN13/MLwoOF.png> <C:/P4-SV-ASADASIVARAO/depot
/Projects/NOON/Documents/Arch/Investigations/SDN/HotSDN13/MLwOF.png>]
<OTSArch.png, id=23, 571.38469pt x 248.42813pt>
File: OTSArch.png Graphic file (type png)
 <use OTSArch.png>
Package pdftex.def Info: OTSArch.png used on input line 227.
(pdftex.def)             Requested size: 211.40901pt x 91.91696pt.

Overfull \hbox (3.40723pt too wide) in paragraph at lines 235--242
[]\T1/aer/m/n/10 OpenFlow [11] is very L2/L3 cen-tric as of to-day. Given
 []


Overfull \hbox (4.08672pt too wide) in paragraph at lines 244--249
\T1/aer/m/n/10 plify con-trol plane by elim-i-nat-ing all the com-plex UNI/E-
 []

<OTSExplicit.png, id=24, 609.77812pt x 347.79938pt>
File: OTSExplicit.png Graphic file (type png)
 <use OTSExplicit.png>
Package pdftex.def Info: OTSExplicit.png used on input line 252.
(pdftex.def)             Requested size: 225.61436pt x 128.68375pt.

[3 <C:/P4-SV-ASADASIVARAO/depot/Projects/NOON/Documents/Arch/Investigations/SDN
/HotSDN13/OTSArch.png> <C:/P4-SV-ASADASIVARAO/depot/Projects/NOON/Documents/Arc
h/Investigations/SDN/HotSDN13/OTSExplicit.png>]
<OTSImplicit.png, id=30, 606.76688pt x 362.85562pt>
File: OTSImplicit.png Graphic file (type png)
 <use OTSImplicit.png>
Package pdftex.def Info: OTSImplicit.png used on input line 278.
(pdftex.def)             Requested size: 224.50023pt x 134.25447pt.

Overfull \hbox (5.59001pt too wide) in paragraph at lines 290--294
\T1/aer/m/n/10 vides multi-domain, high-bandwidth, vir-tual cir-cuits that
 []


Overfull \hbox (4.71692pt too wide) in paragraph at lines 290--294
\T1/aer/m/n/10 guar-an-tee end-to-end net-work data trans-fer per-for-mance.
 []


Underfull \hbox (badness 10000) in paragraph at lines 290--294

 []


Underfull \hbox (badness 10000) in paragraph at lines 308--317

 []


Underfull \hbox (badness 10000) in paragraph at lines 318--330

 []

[4 <C:/P4-SV-ASADASIVARAO/depot/Projects/NOON/Documents/Arch/Investigations/SDN
/HotSDN13/OTSImplicit.png>] <LIMAN.png, id=36, 298.11375pt x 307.1475pt>
File: LIMAN.png Graphic file (type png)

<use LIMAN.png>
Package pdftex.def Info: LIMAN.png used on input line 354.
(pdftex.def)             Requested size: 149.0565pt x 153.57336pt.

Overfull \hbox (1.81882pt too wide) in paragraph at lines 376--387
\T1/aer/m/n/10 providers to ef-fi-ciently en-gi-neer, man-age and evolve their
 []


Overfull \hbox (1.25706pt too wide) in paragraph at lines 376--387
\T1/aer/m/n/10 re-spec-tive of what un-der-ly-ing lay-ers (L1/L2/L3) or tech-
 []


(C:\P4-SV-ASADASIVARAO\depot\Projects\NOON\Documents\Arch\Investigations\SDN\Ho
tSDN13\ots[HotSDN].bbl [5 <C:/P4-SV-ASADASIVARAO/depot/Projects/NOON/Documents/
Arch/Investigations/SDN/HotSDN13/LIMAN.png>]) [6

]
(C:\P4-SV-ASADASIVARAO\depot\Projects\NOON\Documents\Arch\Investigations\SDN\Ho
tSDN13\ots[HotSDN].aux) ) 
Here is how much of TeX's memory you used:
 2541 strings out of 493923
 29747 string characters out of 3154528
 86422 words of memory out of 3000000
 5767 multiletter control sequences out of 15000+200000
 61190 words of font info for 87 fonts, out of 3000000 for 9000
 841 hyphenation exceptions out of 8191
 41i,19n,26p,538b,333s stack positions out of 5000i,500n,10000p,200000b,50000s
{C:/MiKTeX/fonts/enc/dvips/fontname/8r.enc}<C:/MiKTeX/
fonts/type1/public/amsfonts/cm/cmbx10.pfb><C:/MiKTeX/fonts/type1/public/amsfont
s/cm/cmcsc10.pfb><C:/MiKTeX/fonts/type1/public/amsfonts/cm/cmr10.pfb><C:/MiKTeX
/fonts/type1/public/amsfonts/cm/cmr6.pfb><C:/MiKTeX/fonts/type1/public/amsfonts
/cm/cmr7.pfb><C:/MiKTeX/fonts/type1/public/amsfonts/cm/cmr9.pfb><C:/MiKTeX/font
s/type1/public/amsfonts/cm/cmsy10.pfb><C:/MiKTeX/fonts/type1/public/amsfonts/cm
/cmsy7.pfb><C:/MiKTeX/fonts/type1/public/amsfonts/cm/cmti10.pfb><C:/MiKTeX/font
s/type1/public/amsfonts/cm/cmtt10.pfb><C:/MiKTeX/fonts/type1/urw/helvetic/uhvb8
a.pfb><C:/MiKTeX/fonts/type1/urw/helvetic/uhvr8a.pfb><C:/MiKTeX/fonts/type1/urw
/times/utmb8a.pfb><C:/MiKTeX/fonts/type1/urw/times/utmr8a.pfb><C:/MiKTeX/fonts/
type1/urw/times/utmri8a.pfb>
Output written on ots[HotSDN].pdf (6 pages, 362291 bytes).
PDF statistics:
 91 PDF objects out of 1000 (max. 8388607)
 0 named destinations out of 1000 (max. 500000)
 36 words of extra memory for PDF output out of 10000 (max. 10000000)

